Arguments: 
  D:\Program Files\nodejs\node.exe D:\Program Files\nodejs\node_global\node_modules\yarn\bin\yarn.js init

PATH: 
  F:\jeecg-boot\ant-design-vue-jeecg\node_modules\.bin;C:\Program Files (x86)\Common Files\Oracle\Java\javapath;C:\Windows\system32;C:\Windows;C:\Windows\System32\Wbem;C:\Windows\System32\WindowsPowerShell\v1.0\;C:\Windows\System32\OpenSSH\;C:\Program Files\Java\jdk1.8.0_271\bin;C:\Program Files\Java\jdk1.8.0_271\jre\bin;D:\Program Files\apache-maven-3.6.3\bin;C:\Program Files\TortoiseSVN\bin;D:\Program Files\apache-maven-3.3.9\bin;C:\Program Files\Git\cmd;D:\Program Files (x86)\Tencent\微信web开发者工具\dll;D:\Program Files\nodejs\;D:\Program Files\nodejs\node_global;C:\Users\xiaomi\AppData\Local\Microsoft\WindowsApps;D:\Program Files\JetBrains\IntelliJ IDEA 2021.2.3\bin;;C:\Program Files\Bandizip\;D:\Program Files\JetBrains\PyCharm 2021.2.3\bin;;C:\WINDOWS\system32;C:\WINDOWS;C:\WINDOWS\System32\Wbem;C:\Users\xiaomi\AppData\Roaming\npm

Yarn version: 
  1.22.17

Node version: 
  12.0.0

Platform: 
  win32 x64

Trace: 
  Error: canceled
      at Interface.<anonymous> (D:\Program Files\nodejs\node_global\node_modules\yarn\lib\cli.js:137143:13)
      at Interface.emit (events.js:196:13)
      at Interface._ttyWrite (readline.js:877:16)
      at ReadStream.onkeypress (readline.js:189:10)
      at ReadStream.emit (events.js:196:13)
      at emitKeys (internal/readline.js:424:14)
      at emitKeys.next (<anonymous>)
      at ReadStream.onData (readline.js:1145:36)
      at ReadStream.emit (events.js:196:13)
      at addChunk (_stream_readable.js:290:12)

npm manifest: 
  {
    "name": "vue-antd-jeecg",
    "version": "3.0.0",
    "private": true,
    "scripts": {
      "pre": "cnpm install || yarn --registry https://registry.npm.taobao.org || npm install --registry https://registry.npm.taobao.org ",
      "serve": "vue-cli-service serve",
      "build:test": "vue-cli-service build --mode test",
      "build": "vue-cli-service build",
      "lint": "vue-cli-service lint"
    },
    "dependencies": {
      "ant-design-vue": "^1.7.2",
      "@jeecg/antd-online-mini": "3.0.0-RC",
      "@antv/data-set": "^0.11.4",
      "viser-vue": "^2.4.8",
      "axios": "^0.18.0",
      "dayjs": "^1.8.0",
      "enquire.js": "^2.1.6",
      "js-cookie": "^2.2.0",
      "lodash.get": "^4.4.2",
      "lodash.pick": "^4.4.0",
      "md5": "^2.2.1",
      "nprogress": "^0.2.0",
      "vue": "^2.6.10",
      "vue-cropper": "^0.5.4",
      "vue-i18n": "^8.7.0",
      "vue-loader": "^15.7.0",
      "vue-ls": "^3.2.0",
      "vue-router": "^3.0.1",
      "vuex": "^3.1.0",
      "vue-print-nb-jeecg": "^1.0.9",
      "clipboard": "^2.0.4",
      "vue-photo-preview": "^1.1.3",
      "vue-splitpane": "^1.0.4",
      "vuedraggable": "^2.20.0",
      "codemirror": "^5.46.0",
      "@tinymce/tinymce-vue": "2.1.0",
      "tinymce": "5.4.1",
      "@toast-ui/editor": "^2.1.2",
      "vue-area-linkage": "^5.1.0",
      "china-area-data": "^5.0.1",
      "dom-align": "1.12.0",
      "xe-utils": "2.4.8",
      "vxe-table": "2.9.13",
      "vxe-table-plugin-antd": "1.8.10",
      "cron-parser": "^2.10.0"
    },
    "devDependencies": {
      "@babel/polyfill": "^7.2.5",
      "@vue/cli-plugin-babel": "^3.3.0",
      "@vue/cli-plugin-eslint": "^3.3.0",
      "@vue/cli-service": "^3.3.0",
      "@vue/eslint-config-standard": "^4.0.0",
      "babel-eslint": "7.2.3",
      "eslint": "^5.16.0",
      "eslint-plugin-vue": "^5.1.0",
      "less": "^3.9.0",
      "less-loader": "^4.1.0",
      "vue-template-compiler": "^2.6.10",
      "html-webpack-plugin": "^4.2.0",
      "compression-webpack-plugin": "^3.1.0"
    },
    "eslintConfig": {
      "root": true,
      "env": {
        "node": true
      },
      "extends": [
        "plugin:vue/strongly-recommended",
        "@vue/standard"
      ],
      "parserOptions": {
        "parser": "babel-eslint"
      },
      "rules": {
        "generator-star-spacing": "off",
        "no-mixed-operators": 0,
        "vue/max-attributes-per-line": [
          2,
          {
            "singleline": 5,
            "multiline": {
              "max": 1,
              "allowFirstLine": false
            }
          }
        ],
        "vue/attribute-hyphenation": 0,
        "vue/html-self-closing": 0,
        "vue/component-name-in-template-casing": 0,
        "vue/html-closing-bracket-spacing": 0,
        "vue/singleline-html-element-content-newline": 0,
        "vue/no-unused-components": 0,
        "vue/multiline-html-element-content-newline": 0,
        "vue/no-use-v-if-with-v-for": 0,
        "vue/html-closing-bracket-newline": 0,
        "vue/no-parsing-error": 0,
        "no-tabs": 0,
        "indent": ["off", 2],
        "no-console": 0,
        "space-before-function-paren": 0
      }
    },
    "postcss": {
      "plugins": {
        "autoprefixer": {}
      }
    },
    "browserslist": [
      "> 1%",
      "last 2 versions",
      "not ie <= 10"
    ]
  }

yarn manifest: 
  No manifest

Lockfile: 
  No lockfile
